# JRE version: OpenJDK Runtime Environment Corretto-17.0.10.7.1 (17.0.10+7) (build 17.0.10+7-LTS)
# Java VM: OpenJDK 64-Bit Server VM Corretto-17.0.10.7.1 (17.0.10+7-LTS, mixed mode, sharing, tiered, compressed oops, compressed class ptrs, g1 gc, windows-amd64)
GC Precious Log:
 CPUs: 8 total, 8 available
 Memory: 12067M
 Large Page Support: Disabled
 NUMA Support: Disabled
 Compressed Oops: Enabled (Zero based)
 Heap Region Size: 2M
 Heap Min Capacity: 8M
 Heap Initial Capacity: 190M
 Heap Max Capacity: 3018M
 Pre-touch: Disabled
 Parallel Workers: 8
 Concurrent Workers: 2
 Concurrent Refinement Workers: 8
 Periodic GC: Disabled
Heap:
 garbage-first heap   total 90112K, used 45199K [0x0000000743600000, 0x0000000800000000)
  region size 2048K, 12 young (24576K), 2 survivors (4096K)
 Metaspace       used 64619K, committed 65280K, reserved 1114112K
  class space    used 8598K, committed 8896K, reserved 1048576K
GC Heap History (20 events):
Event: 5.563 GC heap before
{Heap before GC invocations=12 (full 0):
 garbage-first heap   total 61440K, used 39827K [0x0000000743600000, 0x0000000800000000)
  region size 2048K, 11 young (22528K), 2 survivors (4096K)
 Metaspace       used 59941K, committed 60416K, reserved 1114112K
  class space    used 8110K, committed 8320K, reserved 1048576K
}
Event: 5.566 GC heap after
{Heap after GC invocations=13 (full 0):
 garbage-first heap   total 61440K, used 25518K [0x0000000743600000, 0x0000000800000000)
  region size 2048K, 2 young (4096K), 2 survivors (4096K)
 Metaspace       used 59941K, committed 60416K, reserved 1114112K
  class space    used 8110K, committed 8320K, reserved 1048576K
}
Event: 59.012 GC heap before
{Heap before GC invocations=14 (full 0):
 garbage-first heap   total 61440K, used 45998K [0x0000000743600000, 0x0000000800000000)
  region size 2048K, 12 young (24576K), 2 survivors (4096K)
 Metaspace       used 62795K, committed 63360K, reserved 1114112K
  class space    used 8521K, committed 8768K, reserved 1048576K
}
Event: 59.016 GC heap after
{Heap after GC invocations=15 (full 0):
 garbage-first heap   total 61440K, used 27075K [0x0000000743600000, 0x0000000800000000)
  region size 2048K, 2 young (4096K), 2 survivors (4096K)
 Metaspace       used 62795K, committed 63360K, reserved 1114112K
  class space    used 8521K, committed 8768K, reserved 1048576K
}
Event: 59.093 GC heap before
{Heap before GC invocations=15 (full 0):
 garbage-first heap   total 61440K, used 27075K [0x0000000743600000, 0x0000000800000000)
  region size 2048K, 3 young (6144K), 2 survivors (4096K)
 Metaspace       used 62937K, committed 63552K, reserved 1114112K
  class space    used 8548K, committed 8832K, reserved 1048576K
}
Event: 59.141 GC heap after
{Heap after GC invocations=16 (full 1):
 garbage-first heap   total 61440K, used 22969K [0x0000000743600000, 0x0000000800000000)
  region size 2048K, 0 young (0K), 0 survivors (0K)
 Metaspace       used 62937K, committed 63552K, reserved 1114112K
  class space    used 8548K, committed 8832K, reserved 1048576K
}
Event: 59.417 GC heap before
{Heap before GC invocations=16 (full 1):
 garbage-first heap   total 61440K, used 43449K [0x0000000743600000, 0x0000000800000000)
  region size 2048K, 10 young (20480K), 0 survivors (0K)
 Metaspace       used 63068K, committed 63616K, reserved 1114112K
  class space    used 8550K, committed 8832K, reserved 1048576K
}
Event: 59.419 GC heap after
{Heap after GC invocations=17 (full 1):
 garbage-first heap   total 61440K, used 24975K [0x0000000743600000, 0x0000000800000000)
  region size 2048K, 1 young (2048K), 1 survivors (2048K)
 Metaspace       used 63068K, committed 63616K, reserved 1114112K
  class space    used 8550K, committed 8832K, reserved 1048576K
}
Event: 59.665 GC heap before
{Heap before GC invocations=17 (full 1):
 garbage-first heap   total 61440K, used 43407K [0x0000000743600000, 0x0000000800000000)
  region size 2048K, 11 young (22528K), 1 survivors (2048K)
 Metaspace       used 63334K, committed 63872K, reserved 1114112K
  class space    used 8566K, committed 8832K, reserved 1048576K
}
Event: 59.679 GC heap after
{Heap after GC invocations=18 (full 1):
 garbage-first heap   total 61440K, used 26143K [0x0000000743600000, 0x0000000800000000)
  region size 2048K, 2 young (4096K), 2 survivors (4096K)
 Metaspace       used 63334K, committed 63872K, reserved 1114112K
  class space    used 8566K, committed 8832K, reserved 1048576K
}
Event: 60.085 GC heap before
{Heap before GC invocations=18 (full 1):
 garbage-first heap   total 61440K, used 44575K [0x0000000743600000, 0x0000000800000000)
  region size 2048K, 11 young (22528K), 2 survivors (4096K)
 Metaspace       used 63672K, committed 64256K, reserved 1114112K
  class space    used 8576K, committed 8832K, reserved 1048576K
}
Event: 60.088 GC heap after
{Heap after GC invocations=19 (full 1):
 garbage-first heap   total 129024K, used 26893K [0x0000000743600000, 0x0000000800000000)
  region size 2048K, 2 young (4096K), 2 survivors (4096K)
 Metaspace       used 63672K, committed 64256K, reserved 1114112K
  class space    used 8576K, committed 8832K, reserved 1048576K
}
Event: 91.856 GC heap before
{Heap before GC invocations=19 (full 1):
 garbage-first heap   total 129024K, used 30989K [0x0000000743600000, 0x0000000800000000)
  region size 2048K, 5 young (10240K), 2 survivors (4096K)
 Metaspace       used 63756K, committed 64320K, reserved 1114112K
  class space    used 8576K, committed 8832K, reserved 1048576K
}
Event: 91.892 GC heap after
{Heap after GC invocations=20 (full 2):
 garbage-first heap   total 90112K, used 23323K [0x0000000743600000, 0x0000000800000000)
  region size 2048K, 0 young (0K), 0 survivors (0K)
 Metaspace       used 63753K, committed 64320K, reserved 1114112K
  class space    used 8576K, committed 8832K, reserved 1048576K
}
Event: 92.686 GC heap before
{Heap before GC invocations=20 (full 2):
 garbage-first heap   total 90112K, used 62235K [0x0000000743600000, 0x0000000800000000)
  region size 2048K, 20 young (40960K), 0 survivors (0K)
 Metaspace       used 64024K, committed 64640K, reserved 1114112K
  class space    used 8579K, committed 8832K, reserved 1048576K
}
Event: 92.690 GC heap after
{Heap after GC invocations=21 (full 2):
 garbage-first heap   total 90112K, used 26570K [0x0000000743600000, 0x0000000800000000)
  region size 2048K, 2 young (4096K), 2 survivors (4096K)
 Metaspace       used 64024K, committed 64640K, reserved 1114112K
  class space    used 8579K, committed 8832K, reserved 1048576K
}
Event: 94.307 GC heap before
{Heap before GC invocations=21 (full 2):
 garbage-first heap   total 90112K, used 47050K [0x0000000743600000, 0x0000000800000000)
  region size 2048K, 13 young (26624K), 2 survivors (4096K)
 Metaspace       used 64259K, committed 64832K, reserved 1114112K
  class space    used 8585K, committed 8832K, reserved 1048576K
}
Event: 94.340 GC heap after
{Heap after GC invocations=22 (full 3):
 garbage-first heap   total 90112K, used 23505K [0x0000000743600000, 0x0000000800000000)
  region size 2048K, 0 young (0K), 0 survivors (0K)
 Metaspace       used 64256K, committed 64832K, reserved 1114112K
  class space    used 8585K, committed 8832K, reserved 1048576K
}
Event: 95.269 GC heap before
{Heap before GC invocations=22 (full 3):
 garbage-first heap   total 90112K, used 64465K [0x0000000743600000, 0x0000000800000000)
  region size 2048K, 20 young (40960K), 0 survivors (0K)
 Metaspace       used 64430K, committed 65024K, reserved 1114112K
  class space    used 8590K, committed 8832K, reserved 1048576K
}
Event: 95.271 GC heap after
{Heap after GC invocations=23 (full 3):
 garbage-first heap   total 90112K, used 26767K [0x0000000743600000, 0x0000000800000000)
  region size 2048K, 2 young (4096K), 2 survivors (4096K)
 Metaspace       used 64430K, committed 65024K, reserved 1114112K
  class space    used 8590K, committed 8832K, reserved 1048576K
}

