# JRE version: OpenJDK Runtime Environment Corretto-17.0.10.7.1 (17.0.10+7) (build 17.0.10+7-LTS)
# Java VM: OpenJDK 64-Bit Server VM Corretto-17.0.10.7.1 (17.0.10+7-LTS, mixed mode, sharing, tiered, compressed oops, compressed class ptrs, g1 gc, windows-amd64)
GC Precious Log:
 CPUs: 8 total, 8 available
 Memory: 12067M
 Large Page Support: Disabled
 NUMA Support: Disabled
 Compressed Oops: Enabled (Zero based)
 Heap Region Size: 2M
 Heap Min Capacity: 8M
 Heap Initial Capacity: 190M
 Heap Max Capacity: 3018M
 Pre-touch: Disabled
 Parallel Workers: 8
 Concurrent Workers: 2
 Concurrent Refinement Workers: 8
 Periodic GC: Disabled
Heap:
 garbage-first heap   total 221184K, used 121646K [0x0000000743600000, 0x0000000800000000)
  region size 2048K, 35 young (71680K), 1 survivors (2048K)
 Metaspace       used 33403K, committed 33792K, reserved 1114112K
  class space    used 3826K, committed 4032K, reserved 1048576K
GC Heap History (20 events):
Event: 1.162 GC heap before
{Heap before GC invocations=1 (full 0):
 garbage-first heap   total 194560K, used 34592K [0x0000000743600000, 0x0000000800000000)
  region size 2048K, 17 young (34816K), 2 survivors (4096K)
 Metaspace       used 9488K, committed 9664K, reserved 1114112K
  class space    used 1123K, committed 1216K, reserved 1048576K
}
Event: 1.167 GC heap after
{Heap after GC invocations=2 (full 0):
 garbage-first heap   total 194560K, used 5566K [0x0000000743600000, 0x0000000800000000)
  region size 2048K, 1 young (2048K), 1 survivors (2048K)
 Metaspace       used 9488K, committed 9664K, reserved 1114112K
  class space    used 1123K, committed 1216K, reserved 1048576K
}
Event: 3.032 GC heap before
{Heap before GC invocations=2 (full 0):
 garbage-first heap   total 194560K, used 120254K [0x0000000743600000, 0x0000000800000000)
  region size 2048K, 57 young (116736K), 1 survivors (2048K)
 Metaspace       used 17132K, committed 17408K, reserved 1114112K
  class space    used 1980K, committed 2112K, reserved 1048576K
}
Event: 3.044 GC heap after
{Heap after GC invocations=3 (full 0):
 garbage-first heap   total 194560K, used 15176K [0x0000000743600000, 0x0000000800000000)
  region size 2048K, 6 young (12288K), 6 survivors (12288K)
 Metaspace       used 17132K, committed 17408K, reserved 1114112K
  class space    used 1980K, committed 2112K, reserved 1048576K
}
Event: 3.653 GC heap before
{Heap before GC invocations=3 (full 0):
 garbage-first heap   total 194560K, used 56136K [0x0000000743600000, 0x0000000800000000)
  region size 2048K, 25 young (51200K), 6 survivors (12288K)
 Metaspace       used 21283K, committed 21504K, reserved 1114112K
  class space    used 2462K, committed 2560K, reserved 1048576K
}
Event: 3.666 GC heap after
{Heap after GC invocations=4 (full 0):
 garbage-first heap   total 194560K, used 24531K [0x0000000743600000, 0x0000000800000000)
  region size 2048K, 3 young (6144K), 3 survivors (6144K)
 Metaspace       used 21283K, committed 21504K, reserved 1114112K
  class space    used 2462K, committed 2560K, reserved 1048576K
}
Event: 4.795 GC heap before
{Heap before GC invocations=5 (full 0):
 garbage-first heap   total 96256K, used 75731K [0x0000000743600000, 0x0000000800000000)
  region size 2048K, 28 young (57344K), 3 survivors (6144K)
 Metaspace       used 27323K, committed 27712K, reserved 1114112K
  class space    used 3135K, committed 3328K, reserved 1048576K
}
Event: 4.815 GC heap after
{Heap after GC invocations=6 (full 0):
 garbage-first heap   total 98304K, used 37164K [0x0000000743600000, 0x0000000800000000)
  region size 2048K, 4 young (8192K), 4 survivors (8192K)
 Metaspace       used 27323K, committed 27712K, reserved 1114112K
  class space    used 3135K, committed 3328K, reserved 1048576K
}
Event: 4.842 GC heap before
{Heap before GC invocations=6 (full 0):
 garbage-first heap   total 98304K, used 37164K [0x0000000743600000, 0x0000000800000000)
  region size 2048K, 5 young (10240K), 4 survivors (8192K)
 Metaspace       used 27354K, committed 27712K, reserved 1114112K
  class space    used 3148K, committed 3328K, reserved 1048576K
}
Event: 4.852 GC heap after
{Heap after GC invocations=7 (full 0):
 garbage-first heap   total 98304K, used 39002K [0x0000000743600000, 0x0000000800000000)
  region size 2048K, 1 young (2048K), 1 survivors (2048K)
 Metaspace       used 27354K, committed 27712K, reserved 1114112K
  class space    used 3148K, committed 3328K, reserved 1048576K
}
Event: 5.596 GC heap before
{Heap before GC invocations=7 (full 0):
 garbage-first heap   total 98304K, used 67674K [0x0000000743600000, 0x0000000800000000)
  region size 2048K, 16 young (32768K), 1 survivors (2048K)
 Metaspace       used 28999K, committed 29312K, reserved 1114112K
  class space    used 3351K, committed 3520K, reserved 1048576K
}
Event: 5.602 GC heap after
{Heap after GC invocations=8 (full 0):
 garbage-first heap   total 98304K, used 39049K [0x0000000743600000, 0x0000000800000000)
  region size 2048K, 1 young (2048K), 1 survivors (2048K)
 Metaspace       used 28999K, committed 29312K, reserved 1114112K
  class space    used 3351K, committed 3520K, reserved 1048576K
}
Event: 5.916 GC heap before
{Heap before GC invocations=8 (full 0):
 garbage-first heap   total 98304K, used 71817K [0x0000000743600000, 0x0000000800000000)
  region size 2048K, 17 young (34816K), 1 survivors (2048K)
 Metaspace       used 29081K, committed 29440K, reserved 1114112K
  class space    used 3351K, committed 3520K, reserved 1048576K
}
Event: 5.926 GC heap after
{Heap after GC invocations=9 (full 0):
 garbage-first heap   total 98304K, used 55797K [0x0000000743600000, 0x0000000800000000)
  region size 2048K, 3 young (6144K), 3 survivors (6144K)
 Metaspace       used 29081K, committed 29440K, reserved 1114112K
  class space    used 3351K, committed 3520K, reserved 1048576K
}
Event: 6.086 GC heap before
{Heap before GC invocations=9 (full 0):
 garbage-first heap   total 98304K, used 72181K [0x0000000743600000, 0x0000000800000000)
  region size 2048K, 12 young (24576K), 3 survivors (6144K)
 Metaspace       used 29136K, committed 29504K, reserved 1114112K
  class space    used 3351K, committed 3520K, reserved 1048576K
}
Event: 6.095 GC heap after
{Heap after GC invocations=10 (full 0):
 garbage-first heap   total 98304K, used 61440K [0x0000000743600000, 0x0000000800000000)
  region size 2048K, 2 young (4096K), 2 survivors (4096K)
 Metaspace       used 29136K, committed 29504K, reserved 1114112K
  class space    used 3351K, committed 3520K, reserved 1048576K
}
Event: 6.332 GC heap before
{Heap before GC invocations=11 (full 0):
 garbage-first heap   total 110592K, used 73728K [0x0000000743600000, 0x0000000800000000)
  region size 2048K, 9 young (18432K), 2 survivors (4096K)
 Metaspace       used 29647K, committed 30016K, reserved 1114112K
  class space    used 3413K, committed 3584K, reserved 1048576K
}
Event: 6.338 GC heap after
{Heap after GC invocations=12 (full 0):
 garbage-first heap   total 110592K, used 62596K [0x0000000743600000, 0x0000000800000000)
  region size 2048K, 1 young (2048K), 1 survivors (2048K)
 Metaspace       used 29647K, committed 30016K, reserved 1114112K
  class space    used 3413K, committed 3584K, reserved 1048576K
}
Event: 6.358 GC heap before
{Heap before GC invocations=12 (full 0):
 garbage-first heap   total 110592K, used 62596K [0x0000000743600000, 0x0000000800000000)
  region size 2048K, 2 young (4096K), 1 survivors (2048K)
 Metaspace       used 29702K, committed 30016K, reserved 1114112K
  class space    used 3426K, committed 3584K, reserved 1048576K
}
Event: 6.364 GC heap after
{Heap after GC invocations=13 (full 0):
 garbage-first heap   total 221184K, used 54062K [0x0000000743600000, 0x0000000800000000)
  region size 2048K, 1 young (2048K), 1 survivors (2048K)
 Metaspace       used 29702K, committed 30016K, reserved 1114112K
  class space    used 3426K, committed 3584K, reserved 1048576K
}

