# JRE version: OpenJDK Runtime Environment Corretto-17.0.10.7.1 (17.0.10+7) (build 17.0.10+7-LTS)
# Java VM: OpenJDK 64-Bit Server VM Corretto-17.0.10.7.1 (17.0.10+7-LTS, mixed mode, sharing, tiered, compressed oops, compressed class ptrs, g1 gc, windows-amd64)
GC Precious Log:
 CPUs: 8 total, 8 available
 Memory: 12067M
 Large Page Support: Disabled
 NUMA Support: Disabled
 Compressed Oops: Enabled (Zero based)
 Heap Region Size: 2M
 Heap Min Capacity: 8M
 Heap Initial Capacity: 190M
 Heap Max Capacity: 3018M
 Pre-touch: Disabled
 Parallel Workers: 8
 Concurrent Workers: 2
 Concurrent Refinement Workers: 8
 Periodic GC: Disabled
Heap:
 garbage-first heap   total 192512K, used 92894K [0x0000000743600000, 0x0000000800000000)
  region size 2048K, 20 young (40960K), 1 survivors (2048K)
 Metaspace       used 34076K, committed 34496K, reserved 1114112K
  class space    used 3912K, committed 4096K, reserved 1048576K
GC Heap History (20 events):
Event: 1.275 GC heap before
{Heap before GC invocations=1 (full 0):
 garbage-first heap   total 194560K, used 34689K [0x0000000743600000, 0x0000000800000000)
  region size 2048K, 17 young (34816K), 2 survivors (4096K)
 Metaspace       used 9589K, committed 9792K, reserved 1114112K
  class space    used 1139K, committed 1216K, reserved 1048576K
}
Event: 1.284 GC heap after
{Heap after GC invocations=2 (full 0):
 garbage-first heap   total 194560K, used 5751K [0x0000000743600000, 0x0000000800000000)
  region size 2048K, 1 young (2048K), 1 survivors (2048K)
 Metaspace       used 9589K, committed 9792K, reserved 1114112K
  class space    used 1139K, committed 1216K, reserved 1048576K
}
Event: 3.292 GC heap before
{Heap before GC invocations=2 (full 0):
 garbage-first heap   total 194560K, used 120439K [0x0000000743600000, 0x0000000800000000)
  region size 2048K, 57 young (116736K), 1 survivors (2048K)
 Metaspace       used 17161K, committed 17408K, reserved 1114112K
  class space    used 1985K, committed 2112K, reserved 1048576K
}
Event: 3.306 GC heap after
{Heap after GC invocations=3 (full 0):
 garbage-first heap   total 194560K, used 15592K [0x0000000743600000, 0x0000000800000000)
  region size 2048K, 6 young (12288K), 6 survivors (12288K)
 Metaspace       used 17161K, committed 17408K, reserved 1114112K
  class space    used 1985K, committed 2112K, reserved 1048576K
}
Event: 3.878 GC heap before
{Heap before GC invocations=3 (full 0):
 garbage-first heap   total 194560K, used 56552K [0x0000000743600000, 0x0000000800000000)
  region size 2048K, 25 young (51200K), 6 survivors (12288K)
 Metaspace       used 21274K, committed 21504K, reserved 1114112K
  class space    used 2471K, committed 2560K, reserved 1048576K
}
Event: 3.891 GC heap after
{Heap after GC invocations=4 (full 0):
 garbage-first heap   total 194560K, used 24645K [0x0000000743600000, 0x0000000800000000)
  region size 2048K, 3 young (6144K), 3 survivors (6144K)
 Metaspace       used 21274K, committed 21504K, reserved 1114112K
  class space    used 2471K, committed 2560K, reserved 1048576K
}
Event: 4.707 GC heap before
{Heap before GC invocations=5 (full 0):
 garbage-first heap   total 96256K, used 75845K [0x0000000743600000, 0x0000000800000000)
  region size 2048K, 28 young (57344K), 3 survivors (6144K)
 Metaspace       used 27288K, committed 27648K, reserved 1114112K
  class space    used 3130K, committed 3328K, reserved 1048576K
}
Event: 4.722 GC heap after
{Heap after GC invocations=6 (full 0):
 garbage-first heap   total 98304K, used 37597K [0x0000000743600000, 0x0000000800000000)
  region size 2048K, 4 young (8192K), 4 survivors (8192K)
 Metaspace       used 27288K, committed 27648K, reserved 1114112K
  class space    used 3130K, committed 3328K, reserved 1048576K
}
Event: 4.739 GC heap before
{Heap before GC invocations=6 (full 0):
 garbage-first heap   total 98304K, used 37597K [0x0000000743600000, 0x0000000800000000)
  region size 2048K, 5 young (10240K), 4 survivors (8192K)
 Metaspace       used 27317K, committed 27648K, reserved 1114112K
  class space    used 3143K, committed 3328K, reserved 1048576K
}
Event: 4.746 GC heap after
{Heap after GC invocations=7 (full 0):
 garbage-first heap   total 98304K, used 41013K [0x0000000743600000, 0x0000000800000000)
  region size 2048K, 1 young (2048K), 1 survivors (2048K)
 Metaspace       used 27317K, committed 27648K, reserved 1114112K
  class space    used 3143K, committed 3328K, reserved 1048576K
}
Event: 5.209 GC heap before
{Heap before GC invocations=7 (full 0):
 garbage-first heap   total 98304K, used 67637K [0x0000000743600000, 0x0000000800000000)
  region size 2048K, 15 young (30720K), 1 survivors (2048K)
 Metaspace       used 28829K, committed 29120K, reserved 1114112K
  class space    used 3323K, committed 3456K, reserved 1048576K
}
Event: 5.213 GC heap after
{Heap after GC invocations=8 (full 0):
 garbage-first heap   total 98304K, used 40607K [0x0000000743600000, 0x0000000800000000)
  region size 2048K, 1 young (2048K), 1 survivors (2048K)
 Metaspace       used 28829K, committed 29120K, reserved 1114112K
  class space    used 3323K, committed 3456K, reserved 1048576K
}
Event: 5.606 GC heap before
{Heap before GC invocations=8 (full 0):
 garbage-first heap   total 98304K, used 73375K [0x0000000743600000, 0x0000000800000000)
  region size 2048K, 17 young (34816K), 1 survivors (2048K)
 Metaspace       used 29746K, committed 30016K, reserved 1114112K
  class space    used 3431K, committed 3584K, reserved 1048576K
}
Event: 5.617 GC heap after
{Heap after GC invocations=9 (full 0):
 garbage-first heap   total 98304K, used 52441K [0x0000000743600000, 0x0000000800000000)
  region size 2048K, 3 young (6144K), 3 survivors (6144K)
 Metaspace       used 29746K, committed 30016K, reserved 1114112K
  class space    used 3431K, committed 3584K, reserved 1048576K
}
Event: 5.776 GC heap before
{Heap before GC invocations=9 (full 0):
 garbage-first heap   total 98304K, used 70873K [0x0000000743600000, 0x0000000800000000)
  region size 2048K, 13 young (26624K), 3 survivors (6144K)
 Metaspace       used 29796K, committed 30144K, reserved 1114112K
  class space    used 3432K, committed 3584K, reserved 1048576K
}
Event: 5.784 GC heap after
{Heap after GC invocations=10 (full 0):
 garbage-first heap   total 192512K, used 59747K [0x0000000743600000, 0x0000000800000000)
  region size 2048K, 2 young (4096K), 2 survivors (4096K)
 Metaspace       used 29796K, committed 30144K, reserved 1114112K
  class space    used 3432K, committed 3584K, reserved 1048576K
}
Event: 6.606 GC heap before
{Heap before GC invocations=11 (full 0):
 garbage-first heap   total 192512K, used 121187K [0x0000000743600000, 0x0000000800000000)
  region size 2048K, 32 young (65536K), 2 survivors (4096K)
 Metaspace       used 31261K, committed 31616K, reserved 1114112K
  class space    used 3601K, committed 3776K, reserved 1048576K
}
Event: 6.611 GC heap after
{Heap after GC invocations=12 (full 0):
 garbage-first heap   total 192512K, used 62396K [0x0000000743600000, 0x0000000800000000)
  region size 2048K, 4 young (8192K), 4 survivors (8192K)
 Metaspace       used 31261K, committed 31616K, reserved 1114112K
  class space    used 3601K, committed 3776K, reserved 1048576K
}
Event: 6.625 GC heap before
{Heap before GC invocations=12 (full 0):
 garbage-first heap   total 192512K, used 62396K [0x0000000743600000, 0x0000000800000000)
  region size 2048K, 5 young (10240K), 4 survivors (8192K)
 Metaspace       used 31274K, committed 31616K, reserved 1114112K
  class space    used 3602K, committed 3776K, reserved 1048576K
}
Event: 6.629 GC heap after
{Heap after GC invocations=13 (full 0):
 garbage-first heap   total 192512K, used 56030K [0x0000000743600000, 0x0000000800000000)
  region size 2048K, 1 young (2048K), 1 survivors (2048K)
 Metaspace       used 31274K, committed 31616K, reserved 1114112K
  class space    used 3602K, committed 3776K, reserved 1048576K
}

